2023-12-27 12:04:46.056 - DBeaver 23.3.0.202312122044 is starting
2023-12-27 12:04:46.060 - OS: Mac OS X 11.7.10 (x86_64)
2023-12-27 12:04:46.061 - Java version: 17.0.6 by Eclipse Adoptium (64bit)
2023-12-27 12:04:46.061 - Install path: '/Applications/DBeaver.app/Contents/Eclipse'
2023-12-27 12:04:46.061 - Instance path: 'file:/Users/vitalyrubtsov/Library/DBeaverData/workspace6/'
2023-12-27 12:04:46.061 - Memory available 64Mb/1024Mb
2023-12-27 12:04:46.093 - Create display
2023-12-27 12:04:46.906 - Initializing DBeaver 23.3.0
2023-12-27 12:04:46.909 - Host plugin: org.jkiss.dbeaver.ui.app.standalone 23.3.0.202312122044
2023-12-27 12:04:46.910 - Initialize desktop platform...
2023-12-27 12:04:47.494 - BounceCastle bundle found. Use JCE provider BC
> Start Core File Systems [org.eclipse.core.filesystem 1.10.100.v20230717-1727]
> Start Core Resource Management [org.eclipse.core.resources 3.19.100.v20230814-1312]
> Start Team Support Core [org.eclipse.team.core 3.10.100.v20230726-0617]
> Start DBeaver UI Navigator [org.jkiss.dbeaver.ui.navigator 1.0.120.202312122044]
2023-12-27 12:04:48.579 - Initialize base platform...
2023-12-27 12:04:48.622 - Platform initialized (1712ms)
2023-12-27 12:04:49.085 - Error accessing instance server: java.net.ConnectException
2023-12-27 12:04:49.107 - Starting instance server at http://localhost:50580
2023-12-27 12:04:49.121 - Run workbench
> Start DBeaver UI [org.jkiss.dbeaver.ui 5.1.135.202312122044]
> Start Eclipse e4 Workbench SWT [org.eclipse.e4.ui.workbench.swt 0.17.100.v20230727-0604]
> Start Eclipse Application Services [org.eclipse.e4.core.services 2.4.100.v20230708-0809]
> Start Eclipse UI Application Services [org.eclipse.e4.ui.services 1.6.100.v20230630-1554]
> Start Eclipse e4 Progress View [org.eclipse.e4.ui.progress 0.4.100.v20230727-0604]
> Start Eclipse Bindings Support [org.eclipse.e4.ui.bindings 0.14.100.v20230630-1554]
> Start Eclipse e4 core commands [org.eclipse.e4.core.commands 1.1.100.v20230630-1554]
> Start EMF XML/XMI Persistence [org.eclipse.emf.ecore.xmi 2.35.0.v20230801-1141]
> Start Eclipse e4 Workbench Add-ons [org.eclipse.e4.ui.workbench.addons.swt 1.5.100.v20230727-0604]
> Start Eclipse e4 Workbench SWT Renderer [org.eclipse.e4.ui.workbench.renderers.swt 0.16.100.v20230801-1255]
> Start Eclipse Dependency Injection Extensions [org.eclipse.e4.core.di.extensions 0.18.0.v20230429-1914]
> Start Eclipse CSS SWT Support [org.eclipse.e4.ui.css.swt 0.15.100.v20230727-0604]
> Start Eclipse CSS SWT Theme Support [org.eclipse.e4.ui.css.swt.theme 0.14.100.v20230727-0604]
2023-12-27 12:04:56.706 - Configure workbench window
> Start DBeaver SQL Model [org.jkiss.dbeaver.model.sql 1.0.110.202312122044]
2023-12-27 12:04:56.893 - Total database drivers: 107 (107)
> Start Help System Core [org.eclipse.help 3.10.100.v20230726-0617]
2023-12-27 12:04:57.004 - Create actions
2023-12-27 12:04:57.021 - Disable Eclipse action set 'org.eclipse.ui.edit.text.actionSet.annotationNavigation'
2023-12-27 12:04:57.021 - Disable Eclipse action set 'org.eclipse.ui.WorkingSetActionSet'
2023-12-27 12:04:57.022 - Disable Eclipse action set 'org.eclipse.ui.actionSet.openFiles'
2023-12-27 12:04:58.531 - Initialize workbench window
2023-12-27 12:04:58.537 - Finish initialization
> Start Default Text Editor [org.eclipse.ui.editors 3.17.0.v20230821-1342]
> Start Text Editor Framework [org.eclipse.ui.workbench.texteditor 3.17.100.v20230821-0745]
> Start DBeaver UI Editors - Data [org.jkiss.dbeaver.ui.editors.data 1.0.120.202312122044]
> Start DBeaver UI Editors - SQL [org.jkiss.dbeaver.ui.editors.sql 1.0.120.202312122044]
> Start DBeaver SQL Terminal [org.jkiss.dbeaver.ui.editors.sql.terminal 1.0.96.202312122044]
> Start Core Compare Support [org.eclipse.compare.core 3.8.100.v20230726-0617]
> Start Internet Connection Management UI [org.eclipse.ui.net 1.5.100.v20230726-0617]
> Start Internet Connection Management [org.eclipse.core.net 1.5.100.v20230630-1232]
> Start DBeaver Sample Database [org.jkiss.dbeaver.ext.sample.database 1.0.157.202312122044]
> Start DBeaver Tip of the day [org.jkiss.dbeaver.ext.ui.tipoftheday 1.0.126.202312122044]
> Start GEF Classic Draw2d [org.eclipse.draw2d 3.14.0.202308311129]
> Start GEF Classic GEF (MVC) [org.eclipse.gef 3.15.0.202308311129]
> Start DBeaver ERD UI [org.jkiss.dbeaver.erd.ui 3.0.80.202312122044]
> Start DBeaver ERD Model [org.jkiss.dbeaver.erd.model 1.0.80.202312122044]
> Start Console [org.eclipse.ui.console 3.13.0.v20230726-0617]
> Start Debug Core [org.eclipse.debug.core 3.21.100.v20230731-1425]
2023-12-27 12:05:03.908 - Connect with 'postgres' (postgres-jdbc-18c8c78a369-638f2a6237d5840d)
> Start DBeaver JDBC Model [org.jkiss.dbeaver.model.jdbc 1.0.13.202312122044]
> Start DBeaver PostgreSQL Model [org.jkiss.dbeaver.ext.postgresql 2.1.193.202312122044]
> Start DBeaver GIS Support [org.jkiss.dbeaver.data.gis 1.0.144.202312122044]
2023-12-27 12:05:04.255 - Execution context opened (postgres; Main <postgres>; 0)
2023-12-27 12:05:04.255 - Initiate connection to PostgreSQL database [postgres@localhost] for Main <postgres>
2023-12-27 12:05:04.318 - Execution context opened (postgres; Metadata <postgres>; 1)
2023-12-27 12:05:04.319 - Initiate connection to PostgreSQL database [postgres@localhost] for Metadata <postgres>
2023-12-27 12:05:04.450 - Connected (postgres-jdbc-18c8c78a369-638f2a6237d5840d, PostgreSQL JDBC Driver [42.5.2])
2023-12-27 12:05:04.457 - Execution context opened (postgres; SQLEditor <Script-1.sql>; 2)
2023-12-27 12:05:04.458 - Initiate connection to PostgreSQL database [postgres@localhost] for SQLEditor <Script-1.sql>
2023-12-27 12:05:04.808 - Open [https://dbeaver.io/product/version.xml]
> Start DBeaver Tasks - Native Tools UI [org.jkiss.dbeaver.tasks.native.ui 1.0.98.202312122044]
> Start DBeaver PostgreSQL UI [org.jkiss.dbeaver.ext.postgresql.ui 1.0.96.202312122044]
> Start DBeaver Tasks - General UI [org.jkiss.dbeaver.tasks.ui 1.0.98.202312122044]
2023-12-27 12:07:13.753 - SQL Error [42601]: ERROR: syntax error at or near "."
  Position: 1

Error position: line: 1
org.jkiss.dbeaver.model.sql.DBSQLException: SQL Error [42601]: ERROR: syntax error at or near "."
  Position: 1
	at org.jkiss.dbeaver.model.impl.jdbc.exec.JDBCStatementImpl.executeStatement(JDBCStatementImpl.java:133)
	at org.jkiss.dbeaver.ui.editors.sql.execute.SQLQueryJob.executeStatement(SQLQueryJob.java:607)
	at org.jkiss.dbeaver.ui.editors.sql.execute.SQLQueryJob.lambda$1(SQLQueryJob.java:510)
	at org.jkiss.dbeaver.model.exec.DBExecUtils.tryExecuteRecover(DBExecUtils.java:190)
	at org.jkiss.dbeaver.ui.editors.sql.execute.SQLQueryJob.executeSingleQuery(SQLQueryJob.java:517)
	at org.jkiss.dbeaver.ui.editors.sql.execute.SQLQueryJob.extractData(SQLQueryJob.java:971)
	at org.jkiss.dbeaver.ui.editors.sql.SQLEditor$QueryResultsContainer.readData(SQLEditor.java:4135)
	at org.jkiss.dbeaver.ui.controls.resultset.ResultSetJobDataRead.lambda$0(ResultSetJobDataRead.java:123)
	at org.jkiss.dbeaver.model.exec.DBExecUtils.tryExecuteRecover(DBExecUtils.java:190)
	at org.jkiss.dbeaver.ui.controls.resultset.ResultSetJobDataRead.run(ResultSetJobDataRead.java:121)
	at org.jkiss.dbeaver.ui.controls.resultset.ResultSetViewer$ResultSetDataPumpJob.run(ResultSetViewer.java:5150)
	at org.jkiss.dbeaver.model.runtime.AbstractJob.run(AbstractJob.java:105)
	at org.eclipse.core.internal.jobs.Worker.run(Worker.java:63)
Caused by: org.postgresql.util.PSQLException: ERROR: syntax error at or near "."
  Position: 1
	at org.postgresql.core.v3.QueryExecutorImpl.receiveErrorResponse(QueryExecutorImpl.java:2676)
	at org.postgresql.core.v3.QueryExecutorImpl.processResults(QueryExecutorImpl.java:2366)
	at org.postgresql.core.v3.QueryExecutorImpl.execute(QueryExecutorImpl.java:356)
	at org.postgresql.jdbc.PgStatement.executeInternal(PgStatement.java:496)
	at org.postgresql.jdbc.PgStatement.execute(PgStatement.java:413)
	at org.postgresql.jdbc.PgStatement.executeWithFlags(PgStatement.java:333)
	at org.postgresql.jdbc.PgStatement.executeCachedSql(PgStatement.java:319)
	at org.postgresql.jdbc.PgStatement.executeWithFlags(PgStatement.java:295)
	at org.postgresql.jdbc.PgStatement.execute(PgStatement.java:290)
	at org.jkiss.dbeaver.model.impl.jdbc.exec.JDBCStatementImpl.execute(JDBCStatementImpl.java:330)
	at org.jkiss.dbeaver.model.impl.jdbc.exec.JDBCStatementImpl.executeStatement(JDBCStatementImpl.java:131)
	... 12 more
> Start DBeaver SQL Language Semantic Model [org.jkiss.dbeaver.model.lsm 1.0.15.202312122044]
> Start DBeaver SQL Server Model [org.jkiss.dbeaver.ext.mssql 1.0.214.202312122044]
> Start DBeaver SQLite Model [org.jkiss.dbeaver.ext.sqlite 1.0.169.202312122044]
> Start DBeaver Generic Plug-in [org.jkiss.dbeaver.ext.generic 2.3.206.202312122044]
2023-12-27 12:07:27.965 - SQL Error [42601]: ERROR: syntax error at or near "OPEN"
  Position: 1

Error position: line: 1
org.jkiss.dbeaver.model.sql.DBSQLException: SQL Error [42601]: ERROR: syntax error at or near "OPEN"
  Position: 1
	at org.jkiss.dbeaver.model.impl.jdbc.exec.JDBCStatementImpl.executeStatement(JDBCStatementImpl.java:133)
	at org.jkiss.dbeaver.ui.editors.sql.execute.SQLQueryJob.executeStatement(SQLQueryJob.java:607)
	at org.jkiss.dbeaver.ui.editors.sql.execute.SQLQueryJob.lambda$1(SQLQueryJob.java:510)
	at org.jkiss.dbeaver.model.exec.DBExecUtils.tryExecuteRecover(DBExecUtils.java:190)
	at org.jkiss.dbeaver.ui.editors.sql.execute.SQLQueryJob.executeSingleQuery(SQLQueryJob.java:517)
	at org.jkiss.dbeaver.ui.editors.sql.execute.SQLQueryJob.extractData(SQLQueryJob.java:971)
	at org.jkiss.dbeaver.ui.editors.sql.SQLEditor$QueryResultsContainer.readData(SQLEditor.java:4135)
	at org.jkiss.dbeaver.ui.controls.resultset.ResultSetJobDataRead.lambda$0(ResultSetJobDataRead.java:123)
	at org.jkiss.dbeaver.model.exec.DBExecUtils.tryExecuteRecover(DBExecUtils.java:190)
	at org.jkiss.dbeaver.ui.controls.resultset.ResultSetJobDataRead.run(ResultSetJobDataRead.java:121)
	at org.jkiss.dbeaver.ui.controls.resultset.ResultSetViewer$ResultSetDataPumpJob.run(ResultSetViewer.java:5150)
	at org.jkiss.dbeaver.model.runtime.AbstractJob.run(AbstractJob.java:105)
	at org.eclipse.core.internal.jobs.Worker.run(Worker.java:63)
Caused by: org.postgresql.util.PSQLException: ERROR: syntax error at or near "OPEN"
  Position: 1
	at org.postgresql.core.v3.QueryExecutorImpl.receiveErrorResponse(QueryExecutorImpl.java:2676)
	at org.postgresql.core.v3.QueryExecutorImpl.processResults(QueryExecutorImpl.java:2366)
	at org.postgresql.core.v3.QueryExecutorImpl.execute(QueryExecutorImpl.java:356)
	at org.postgresql.jdbc.PgStatement.executeInternal(PgStatement.java:496)
	at org.postgresql.jdbc.PgStatement.execute(PgStatement.java:413)
	at org.postgresql.jdbc.PgStatement.executeWithFlags(PgStatement.java:333)
	at org.postgresql.jdbc.PgStatement.executeCachedSql(PgStatement.java:319)
	at org.postgresql.jdbc.PgStatement.executeWithFlags(PgStatement.java:295)
	at org.postgresql.jdbc.PgStatement.execute(PgStatement.java:290)
	at org.jkiss.dbeaver.model.impl.jdbc.exec.JDBCStatementImpl.execute(JDBCStatementImpl.java:330)
	at org.jkiss.dbeaver.model.impl.jdbc.exec.JDBCStatementImpl.executeStatement(JDBCStatementImpl.java:131)
	... 12 more
2023-12-27 12:10:08.066 - Execution context opened (postgres; SQLEditor <Script-3.sql>; 3)
2023-12-27 12:10:08.081 - Initiate connection to PostgreSQL database [postgres@localhost] for SQLEditor <Script-3.sql>
2023-12-27 12:10:12.421 - Delete empty SQL script '/General/Scripts/Script-1.sql'
2023-12-27 12:10:12.459 - Execution context closed (postgres, 2)
2023-12-27 12:26:05.072 - Error resolving object
org.jkiss.dbeaver.DBException: Table 'mytable' not found in schema 'public'
	at org.jkiss.dbeaver.ext.postgresql.model.PostgreStructureAssistant$1.resolveObject(PostgreStructureAssistant.java:216)
	at org.jkiss.dbeaver.ui.editors.sql.dialogs.SuggestionInformationControl$1.run(SuggestionInformationControl.java:130)
	at org.jkiss.dbeaver.model.runtime.AbstractJob.run(AbstractJob.java:105)
	at org.eclipse.core.internal.jobs.Worker.run(Worker.java:63)
2023-12-27 12:26:20.792 - Can't get column 'arg_defaults': The column name arg_defaults was not found in this ResultSet.
2023-12-27 12:26:20.793 - Can't get column 'description': The column name description was not found in this ResultSet.
2023-12-27 12:27:37.756 - Error resolving object
org.jkiss.dbeaver.DBException: Table 'mytable' not found in schema 'public'
	at org.jkiss.dbeaver.ext.postgresql.model.PostgreStructureAssistant$1.resolveObject(PostgreStructureAssistant.java:216)
	at org.jkiss.dbeaver.ui.editors.sql.dialogs.SuggestionInformationControl$1.run(SuggestionInformationControl.java:130)
	at org.jkiss.dbeaver.model.runtime.AbstractJob.run(AbstractJob.java:105)
	at org.eclipse.core.internal.jobs.Worker.run(Worker.java:63)
2023-12-27 12:27:50.234 - Table 'postgres.public.mytable' not found in metadata catalog
2023-12-27 12:28:30.965 - Table 'postgres.public.mytable' not found in metadata catalog
2023-12-27 12:29:01.855 - Table 'postgres.public.mytable' not found in metadata catalog
2023-12-27 12:29:03.126 - Table 'postgres.public.mytable' not found in metadata catalog
2023-12-27 12:29:03.618 - Table 'postgres.public.mytable' not found in metadata catalog
2023-12-27 12:29:04.052 - Table 'postgres.public.mytable' not found in metadata catalog
2023-12-27 12:29:04.902 - Table 'postgres.public.mytable' not found in metadata catalog
2023-12-27 12:29:05.619 - Table 'postgres.public.mytable' not found in metadata catalog
2023-12-27 12:30:18.047 - Execution context opened (postgres; SQLEditor <Script-1.sql>; 4)
2023-12-27 12:30:18.048 - Initiate connection to PostgreSQL database [postgres@localhost] for SQLEditor <Script-1.sql>
2023-12-27 12:30:35.073 - Error resolving object
org.jkiss.dbeaver.DBException: Table 'mytable' not found in schema 'public'
	at org.jkiss.dbeaver.ext.postgresql.model.PostgreStructureAssistant$1.resolveObject(PostgreStructureAssistant.java:216)
	at org.jkiss.dbeaver.ui.editors.sql.dialogs.SuggestionInformationControl$1.run(SuggestionInformationControl.java:130)
	at org.jkiss.dbeaver.model.runtime.AbstractJob.run(AbstractJob.java:105)
	at org.eclipse.core.internal.jobs.Worker.run(Worker.java:63)
2023-12-27 12:32:10.009 - Error resolving object
org.jkiss.dbeaver.DBException: Table 'mytable' not found in schema 'public'
	at org.jkiss.dbeaver.ext.postgresql.model.PostgreStructureAssistant$1.resolveObject(PostgreStructureAssistant.java:216)
	at org.jkiss.dbeaver.ui.editors.sql.dialogs.SuggestionInformationControl$1.run(SuggestionInformationControl.java:130)
	at org.jkiss.dbeaver.model.runtime.AbstractJob.run(AbstractJob.java:105)
	at org.eclipse.core.internal.jobs.Worker.run(Worker.java:63)
> Start Data Transfer UI [org.jkiss.dbeaver.data.transfer.ui 1.0.104.202312122044]
> Start DBeaver Data Transfer [org.jkiss.dbeaver.data.transfer 2.0.104.202312122044]
> Start DBeaver Tasks View [org.jkiss.dbeaver.tasks.ui.view 1.0.69.202312122044]
2023-12-27 13:18:49.874 - Execution context closed (postgres, 3)
2023-12-27 13:18:49.956 - Execution context closed (postgres, 4)
2023-12-27 13:18:50.373 - DBeaver is stopping
2023-12-27 13:18:50.374 - Stop instance server
2023-12-27 13:18:51.393 - DBeaver shutdown completed
